[0.186s] DEBUG:colcon:Command line arguments: ['/usr/bin/colcon', 'list', '-p', '--base-paths', '/root/yt_ws']
[0.186s] DEBUG:colcon:Parsed command line arguments: Namespace(base_paths=['/root/yt_ws'], build_base='build', ignore_user_meta=False, log_base=None, log_level=None, main=<bound method ListVerb.main of <colcon_package_information.verb.list.ListVerb object at 0x7f32cd0c8130>>, metas=['./colcon.meta'], mixin=None, mixin_files=None, mixin_verb=('list',), names_only=False, packages_above=None, packages_above_and_dependencies=None, packages_above_depth=None, packages_end=None, packages_ignore=None, packages_ignore_regex=None, packages_select=None, packages_select_build_failed=False, packages_select_by_dep=None, packages_select_regex=None, packages_select_test_failures=False, packages_skip=None, packages_skip_build_finished=False, packages_skip_by_dep=None, packages_skip_regex=None, packages_skip_test_passed=False, packages_skip_up_to=None, packages_start=None, packages_up_to=None, packages_up_to_regex=None, paths=None, paths_only=True, topological_graph=False, topological_graph_density=False, topological_graph_dot=False, topological_graph_dot_cluster=False, topological_graph_dot_include_skipped=False, topological_graph_legend=False, topological_order=False, verb_extension=<colcon_package_information.verb.list.ListVerb object at 0x7f32cd0c8130>, verb_name='list', verb_parser=<colcon_mixin.mixin.mixin_argument.MixinArgumentDecorator object at 0x7f32ccff7c10>)
[0.209s] Level 1:colcon.colcon_core.package_discovery:discover_packages(colcon_meta) check parameters
[0.210s] INFO:colcon.colcon_metadata.package_discovery.colcon_meta:Using configuration from '/root/.colcon/metadata/default/Gazebo.meta'
[0.211s] INFO:colcon.colcon_metadata.package_discovery.colcon_meta:Using configuration from '/root/.colcon/metadata/default/fastrtps.meta'
[0.211s] Level 1:colcon.colcon_core.package_discovery:discover_packages(recursive) check parameters
[0.211s] Level 1:colcon.colcon_core.package_discovery:discover_packages(ignore) check parameters
[0.211s] Level 1:colcon.colcon_core.package_discovery:discover_packages(path) check parameters
[0.211s] Level 1:colcon.colcon_core.package_discovery:discover_packages(recursive) discover
[0.211s] INFO:colcon.colcon_core.package_discovery:Crawling recursively for packages in '/root/yt_ws'
[0.211s] Level 1:colcon.colcon_core.package_identification:_identify(/root/yt_ws) by extensions ['ignore', 'ignore_ament_install']
[0.211s] Level 1:colcon.colcon_core.package_identification:_identify(/root/yt_ws) by extension 'ignore'
[0.211s] Level 1:colcon.colcon_core.package_identification:_identify(/root/yt_ws) by extension 'ignore_ament_install'
[0.211s] Level 1:colcon.colcon_core.package_identification:_identify(/root/yt_ws) by extensions ['colcon_pkg']
[0.211s] Level 1:colcon.colcon_core.package_identification:_identify(/root/yt_ws) by extension 'colcon_pkg'
[0.211s] Level 1:colcon.colcon_core.package_identification:_identify(/root/yt_ws) by extensions ['colcon_meta']
[0.211s] Level 1:colcon.colcon_core.package_identification:_identify(/root/yt_ws) by extension 'colcon_meta'
[0.211s] Level 1:colcon.colcon_core.package_identification:_identify(/root/yt_ws) by extensions ['ros']
[0.211s] Level 1:colcon.colcon_core.package_identification:_identify(/root/yt_ws) by extension 'ros'
[0.223s] Level 1:colcon.colcon_core.package_identification:_identify(/root/yt_ws) by extensions ['cmake', 'python']
[0.223s] Level 1:colcon.colcon_core.package_identification:_identify(/root/yt_ws) by extension 'cmake'
[0.223s] Level 1:colcon.colcon_core.package_identification:_identify(/root/yt_ws) by extension 'python'
[0.223s] Level 1:colcon.colcon_core.package_identification:_identify(/root/yt_ws) by extensions ['python_setup_py']
[0.223s] Level 1:colcon.colcon_core.package_identification:_identify(/root/yt_ws) by extension 'python_setup_py'
[0.223s] Level 1:colcon.colcon_core.package_identification:_identify(/root/yt_ws/build) by extensions ['ignore', 'ignore_ament_install']
[0.224s] Level 1:colcon.colcon_core.package_identification:_identify(/root/yt_ws/build) by extension 'ignore'
[0.224s] Level 1:colcon.colcon_core.package_identification:_identify(/root/yt_ws/build) ignored
[0.224s] Level 1:colcon.colcon_core.package_identification:_identify(/root/yt_ws/install) by extensions ['ignore', 'ignore_ament_install']
[0.224s] Level 1:colcon.colcon_core.package_identification:_identify(/root/yt_ws/install) by extension 'ignore'
[0.224s] Level 1:colcon.colcon_core.package_identification:_identify(/root/yt_ws/install) ignored
[0.224s] Level 1:colcon.colcon_core.package_identification:_identify(/root/yt_ws/log) by extensions ['ignore', 'ignore_ament_install']
[0.224s] Level 1:colcon.colcon_core.package_identification:_identify(/root/yt_ws/log) by extension 'ignore'
[0.224s] Level 1:colcon.colcon_core.package_identification:_identify(/root/yt_ws/log) ignored
[0.224s] Level 1:colcon.colcon_core.package_identification:_identify(/root/yt_ws/src) by extensions ['ignore', 'ignore_ament_install']
[0.224s] Level 1:colcon.colcon_core.package_identification:_identify(/root/yt_ws/src) by extension 'ignore'
[0.224s] Level 1:colcon.colcon_core.package_identification:_identify(/root/yt_ws/src) by extension 'ignore_ament_install'
[0.224s] Level 1:colcon.colcon_core.package_identification:_identify(/root/yt_ws/src) by extensions ['colcon_pkg']
[0.224s] Level 1:colcon.colcon_core.package_identification:_identify(/root/yt_ws/src) by extension 'colcon_pkg'
[0.225s] Level 1:colcon.colcon_core.package_identification:_identify(/root/yt_ws/src) by extensions ['colcon_meta']
[0.225s] Level 1:colcon.colcon_core.package_identification:_identify(/root/yt_ws/src) by extension 'colcon_meta'
[0.225s] Level 1:colcon.colcon_core.package_identification:_identify(/root/yt_ws/src) by extensions ['ros']
[0.225s] Level 1:colcon.colcon_core.package_identification:_identify(/root/yt_ws/src) by extension 'ros'
[0.225s] Level 1:colcon.colcon_core.package_identification:_identify(/root/yt_ws/src) by extensions ['cmake', 'python']
[0.225s] Level 1:colcon.colcon_core.package_identification:_identify(/root/yt_ws/src) by extension 'cmake'
[0.225s] Level 1:colcon.colcon_core.package_identification:_identify(/root/yt_ws/src) by extension 'python'
[0.225s] Level 1:colcon.colcon_core.package_identification:_identify(/root/yt_ws/src) by extensions ['python_setup_py']
[0.225s] Level 1:colcon.colcon_core.package_identification:_identify(/root/yt_ws/src) by extension 'python_setup_py'
[0.225s] Level 1:colcon.colcon_core.package_identification:_identify(/root/yt_ws/src/my_urdf) by extensions ['ignore', 'ignore_ament_install']
[0.225s] Level 1:colcon.colcon_core.package_identification:_identify(/root/yt_ws/src/my_urdf) by extension 'ignore'
[0.225s] Level 1:colcon.colcon_core.package_identification:_identify(/root/yt_ws/src/my_urdf) by extension 'ignore_ament_install'
[0.225s] Level 1:colcon.colcon_core.package_identification:_identify(/root/yt_ws/src/my_urdf) by extensions ['colcon_pkg']
[0.225s] Level 1:colcon.colcon_core.package_identification:_identify(/root/yt_ws/src/my_urdf) by extension 'colcon_pkg'
[0.225s] Level 1:colcon.colcon_core.package_identification:_identify(/root/yt_ws/src/my_urdf) by extensions ['colcon_meta']
[0.225s] Level 1:colcon.colcon_core.package_identification:_identify(/root/yt_ws/src/my_urdf) by extension 'colcon_meta'
[0.225s] Level 1:colcon.colcon_core.package_identification:_identify(/root/yt_ws/src/my_urdf) by extensions ['ros']
[0.225s] Level 1:colcon.colcon_core.package_identification:_identify(/root/yt_ws/src/my_urdf) by extension 'ros'
[0.228s] DEBUG:colcon.colcon_core.package_identification:Package '/root/yt_ws/src/my_urdf' with type 'ros.ament_cmake' and name 'my_urdf'
[0.229s] Level 1:colcon.colcon_core.package_discovery:discover_packages(recursive) using defaults
